<?xml version="1.0" encoding="UTF-8"?>
<testng-results skipped="0" failed="0" total="1" passed="1">
  <reporter-output>
  </reporter-output>
  <suite name="Default suite" duration-ms="106538" started-at="2019-10-22T06:53:32Z" finished-at="2019-10-22T06:55:19Z">
    <groups>
    </groups>
    <test name="Default test" duration-ms="106538" started-at="2019-10-22T06:53:32Z" finished-at="2019-10-22T06:55:19Z">
      <class name="rcti.mainClass">
        <test-method status="PASS" signature="setUp()[pri:0, instance:rcti.mainClass@2a2d45ba]" name="setUp" is-config="true" duration-ms="5176" started-at="2019-10-22T13:53:32Z" finished-at="2019-10-22T13:53:37Z">
          <reporter-output>
          </reporter-output>
        </test-method> <!-- setUp -->
        <test-method status="PASS" signature="cekLiveInews()[pri:5, instance:rcti.mainClass@2a2d45ba]" name="cekLiveInews" duration-ms="100634" started-at="2019-10-22T13:53:37Z" finished-at="2019-10-22T13:55:18Z">
          <reporter-output>
          </reporter-output>
        </test-method> <!-- cekLiveInews -->
        <test-method status="PASS" signature="setDown()[pri:0, instance:rcti.mainClass@2a2d45ba]" name="setDown" is-config="true" duration-ms="719" started-at="2019-10-22T13:55:18Z" finished-at="2019-10-22T13:55:19Z">
          <reporter-output>
          </reporter-output>
        </test-method> <!-- setDown -->
      </class> <!-- rcti.mainClass -->
    </test> <!-- Default test -->
  </suite> <!-- Default suite -->
</testng-results>
