<?xml version="1.0" encoding="UTF-8"?>
<testng-results skipped="0" failed="0" total="1" passed="1">
  <reporter-output>
  </reporter-output>
  <suite name="Default suite" duration-ms="39290" started-at="2019-11-12T10:26:26Z" finished-at="2019-11-12T10:27:05Z">
    <groups>
    </groups>
    <test name="Default test" duration-ms="39290" started-at="2019-11-12T10:26:26Z" finished-at="2019-11-12T10:27:05Z">
      <class name="rcti.mainClass">
        <test-method status="PASS" signature="setUp()[pri:0, instance:rcti.mainClass@2a2d45ba]" name="setUp" is-config="true" duration-ms="7126" started-at="2019-11-12T17:26:26Z" finished-at="2019-11-12T17:26:33Z">
          <reporter-output>
          </reporter-output>
        </test-method> <!-- setUp -->
        <test-method status="PASS" signature="cekHomepage()[pri:1, instance:rcti.mainClass@2a2d45ba]" name="cekHomepage" duration-ms="31262" started-at="2019-11-12T17:26:33Z" finished-at="2019-11-12T17:27:04Z">
          <reporter-output>
          </reporter-output>
        </test-method> <!-- cekHomepage -->
        <test-method status="PASS" signature="setDown()[pri:0, instance:rcti.mainClass@2a2d45ba]" name="setDown" is-config="true" duration-ms="885" started-at="2019-11-12T17:27:04Z" finished-at="2019-11-12T17:27:05Z">
          <reporter-output>
          </reporter-output>
        </test-method> <!-- setDown -->
      </class> <!-- rcti.mainClass -->
    </test> <!-- Default test -->
  </suite> <!-- Default suite -->
</testng-results>
