<?xml version="1.0" encoding="UTF-8"?>
<testng-results skipped="0" failed="0" total="1" passed="1">
  <reporter-output>
  </reporter-output>
  <suite name="Default suite" duration-ms="82956" started-at="2019-10-18T03:03:21Z" finished-at="2019-10-18T03:04:44Z">
    <groups>
    </groups>
    <test name="Default test" duration-ms="82956" started-at="2019-10-18T03:03:21Z" finished-at="2019-10-18T03:04:44Z">
      <class name="cms.mainClass">
        <test-method status="PASS" signature="setUp()[pri:0, instance:cms.mainClass@2a2d45ba]" name="setUp" is-config="true" duration-ms="23920" started-at="2019-10-18T10:03:21Z" finished-at="2019-10-18T10:03:45Z">
          <reporter-output>
          </reporter-output>
        </test-method> <!-- setUp -->
        <test-method status="PASS" signature="testvid()[pri:0, instance:cms.mainClass@2a2d45ba]" name="testvid" duration-ms="55331" started-at="2019-10-18T10:03:45Z" finished-at="2019-10-18T10:04:40Z">
          <reporter-output>
          </reporter-output>
        </test-method> <!-- testvid -->
        <test-method status="PASS" signature="setDown()[pri:0, instance:cms.mainClass@2a2d45ba]" name="setDown" is-config="true" duration-ms="3664" started-at="2019-10-18T10:04:40Z" finished-at="2019-10-18T10:04:44Z">
          <reporter-output>
          </reporter-output>
        </test-method> <!-- setDown -->
      </class> <!-- cms.mainClass -->
    </test> <!-- Default test -->
  </suite> <!-- Default suite -->
</testng-results>
